#
# A fatal error has been detected by the Java Runtime Environment:
#
#  EXCEPTION_ACCESS_VIOLATION (0xc0000005) at pc=0x00007ffd364d6a87, pid=11868, tid=5344
#
# JRE version: Java(TM) SE Runtime Environment (17.0+35) (build 17+35-LTS-2724)
# Java VM: Java HotSpot(TM) 64-Bit Server VM (17+35-LTS-2724, mixed mode, sharing, tiered, compressed oops, compressed class ptrs, g1 gc, windows-amd64)
# Problematic frame:
# C  [glass.dll+0x26a87]
#
# No core dump will be written. Minidumps are not enabled by default on client versions of Windows
#
# If you would like to submit a bug report, please visit:
#   https://bugreport.java.com/bugreport/crash.jsp
#

---------------  S U M M A R Y ------------

Command Line: -javaagent:C:\Program Files\JetBrains\IntelliJ IDEA 2021.2.2\lib\idea_rt.jar=56120:C:\Program Files\JetBrains\IntelliJ IDEA 2021.2.2\bin -Dfile.encoding=UTF-8 --module-path=C:\Users\dimae\IdeaProjects\JavaProject\target\classes;C:\Users\dimae\.m2\repository\org\openjfx\javafx-base\17-ea+11\javafx-base-17-ea+11-win.jar;C:\Users\dimae\.m2\repository\org\openjfx\javafx-graphics\17-ea+11\javafx-graphics-17-ea+11-win.jar;C:\Users\dimae\.m2\repository\org\kordamp\bootstrapfx\bootstrapfx-core\0.4.0\bootstrapfx-core-0.4.0.jar;C:\Users\dimae\.m2\repository\org\openjfx\javafx-fxml\17-ea+11\javafx-fxml-17-ea+11-win.jar;C:\Users\dimae\.m2\repository\com\dlsc\formsfx\formsfx-core\11.3.2\formsfx-core-11.3.2.jar;C:\Users\dimae\.m2\repository\org\openjfx\javafx-controls\17-ea+11\javafx-controls-17-ea+11-win.jar;C:\Users\dimae\.m2\repository\org\controlsfx\controlsfx\11.1.0\controlsfx-11.1.0.jar -Djdk.module.main=com.example.javaproject com.example.javaproject/com.example.javaproject.Application

Host: AMD Ryzen 3 3100 4-Core Processor              , 8 cores, 15G,  Windows 10 , 64 bit Build 22000 (10.0.22000.318)
Time: Wed Dec  8 23:10:48 2021 RTZ 2 (s 10 , 64 bit Build 22000 (10.0.22000.318) elapsed time: 26.257211 seconds (0d 0h 0m 26s)

---------------  T H R E A D  ---------------

Current thread (0x000001cb6e7620c0):  VMThread "VM Thread" [stack: 0x00000019d9d00000,0x00000019d9e00000] [id=5344]

Stack: [0x00000019d9d00000,0x00000019d9e00000],  sp=0x00000019d9dff050,  free space=1020k
Native frames: (J=compiled Java code, j=interpreted, Vv=VM code, C=native code)
C  [glass.dll+0x26a87]


siginfo: EXCEPTION_ACCESS_VIOLATION (0xc0000005), reading address 0x0000000000000000


Register to memory mapping:

RIP=0x00007ffd364d6a87 glass.dll
RAX=0x0 is NULL
RBX=0x000001cb6e778320 is a global jni handle
RCX=0x000001cb6e7620c0 points into unknown readable memory: 0x00007ffd02edc550 | 50 c5 ed 02 fd 7f 00 00
RDX=0x00000019d9dff050 points into unknown readable memory: 0x0000000000000000 | 00 00 00 00 00 00 00 00
RSP=0x00000019d9dff050 points into unknown readable memory: 0x0000000000000000 | 00 00 00 00 00 00 00 00
RBP=0x000001cb6fdeaa78 points into unknown readable memory: 0x00003bd5e4ac3efb | fb 3e ac e4 d5 3b 00 00
RSI=0x000001cb6fdeaa50 points into unknown readable memory: 0x6000382a0d1e5708 | 08 57 1e 0d 2a 38 00 60
RDI=0x00003bd5e4ac3efb is an unknown value
R8 =0x0000000000010002 is an unknown value
R9 =0x00003bd5e4ac3efb is an unknown value
R10=0x85f13e9656da4870 is an unknown value
R11=0x00000019d9dfefe0 points into unknown readable memory: 0x000001cb6fdeaa50 | 50 aa de 6f cb 01 00 00
R12=0x00007ffd364d4354 glass.dll
R13=0x00007ffd03082940 jvm.dll
R14=0x00000019d9dff158 points into unknown readable memory: 0x00000019d9dff140 | 40 f1 df d9 19 00 00 00
R15=0x000001cb6fdeaa50 points into unknown readable memory: 0x6000382a0d1e5708 | 08 57 1e 0d 2a 38 00 60


Registers:
RAX=0x0000000000000000, RBX=0x000001cb6e778320, RCX=0x000001cb6e7620c0, RDX=0x00000019d9dff050
RSP=0x00000019d9dff050, RBP=0x000001cb6fdeaa78, RSI=0x000001cb6fdeaa50, RDI=0x00003bd5e4ac3efb
R8 =0x0000000000010002, R9 =0x00003bd5e4ac3efb, R10=0x85f13e9656da4870, R11=0x00000019d9dfefe0
R12=0x00007ffd364d4354, R13=0x00007ffd03082940, R14=0x00000019d9dff158, R15=0x000001cb6fdeaa50
RIP=0x00007ffd364d6a87, EFLAGS=0x0000000000010206

Top of Stack: (sp=0x00000019d9dff050)
0x00000019d9dff050:   0000000000000000 000001cb6fdeaa50
0x00000019d9dff060:   00007ffd03082940 00007ffd364d4354
0x00000019d9dff070:   000001cb6fdeaa58 00007ffd6971bea0
0x00000019d9dff080:   00003bd5e4ac3efb 000001cb00000000
0x00000019d9dff090:   000001cb6fdeaa78 000001cb6fdeaa50
0x00000019d9dff0a0:   fffffffffffffffe 0000000000000000
0x00000019d9dff0b0:   0000000000000001 00007ffd364b0000
0x00000019d9dff0c0:   00000019d9dff148 00007ffd6971bdb7
0x00000019d9dff0d0:   0000000000000000 00000019d9dff158
0x00000019d9dff0e0:   00000019d9dff430 00007ffd698012b0
0x00000019d9dff0f0:   0000000000000001 00007ffd6971bd6d
0x00000019d9dff100:   0000000000000000 0000000000000001
0x00000019d9dff110:   00007ffd61e63ee0 00000019d9dff148
0x00000019d9dff120:   fffffffffffffffe 00000019d9dff110
0x00000019d9dff130:   0000000000000000 00007ffd364d41e1
0x00000019d9dff140:   00007ffd364ea138 00007ffd00000002 

Instructions: (pc=0x00007ffd364d6a87)
0x00007ffd364d6987:   8b 4d 58 e8 01 cf ff ff 48 8b 4d 60 e8 f8 ce ff
0x00007ffd364d6997:   ff 48 8b 95 80 00 00 00 48 8b 8d 18 01 00 00 e8
0x00007ffd364d69a7:   c6 c3 ff ff 33 d2 33 c9 e8 3c e1 ff ff 90 48 89
0x00007ffd364d69b7:   54 24 10 55 48 83 ec 20 48 8b ea 48 b8 00 00 00
0x00007ffd364d69c7:   00 00 00 00 00 48 83 c4 20 5d c3 cc 40 55 48 8b
0x00007ffd364d69d7:   ea 48 8b 01 33 c9 81 38 05 00 00 c0 0f 94 c1 8b
0x00007ffd364d69e7:   c1 5d c3 cc 40 55 48 83 ec 20 48 8b ea 8a 4d 40
0x00007ffd364d69f7:   48 83 c4 20 5d e9 f7 d2 ff ff cc 40 55 48 83 ec
0x00007ffd364d6a07:   20 48 8b ea 8a 4d 20 e8 e5 d2 ff ff 90 48 83 c4
0x00007ffd364d6a17:   20 5d c3 cc 40 55 48 83 ec 20 48 8b ea 48 83 c4
0x00007ffd364d6a27:   20 5d e9 46 d1 ff ff cc 40 55 48 83 ec 30 48 8b
0x00007ffd364d6a37:   ea 48 8b 01 8b 10 48 89 4c 24 28 89 54 24 20 4c
0x00007ffd364d6a47:   8d 0d e7 d5 ff ff 4c 8b 45 70 8b 55 68 48 8b 4d
0x00007ffd364d6a57:   60 e8 87 d0 ff ff 90 48 83 c4 30 5d c3 cc cc cc
0x00007ffd364d6a67:   cc cc cc cc cc cc cc cc cc 40 53 48 83 ec 20 48
0x00007ffd364d6a77:   8b 1d b3 30 01 00 48 85 db 74 16 e8 09 8b ff ff
0x00007ffd364d6a87:   4c 8b 00 48 8b d3 48 8b c8 41 ff 90 b0 00 00 00
0x00007ffd364d6a97:   90 48 83 c4 20 5b c3 cc cc 40 53 48 83 ec 20 48
0x00007ffd364d6aa7:   8b 1d 2b 32 01 00 48 85 db 74 57 b8 ff ff ff ff
0x00007ffd364d6ab7:   f0 0f c1 43 10 83 f8 01 75 3d 48 85 db 74 38 48
0x00007ffd364d6ac7:   8b 0b 48 85 c9 74 0d ff 15 d4 07 00 00 48 c7 03
0x00007ffd364d6ad7:   00 00 00 00 48 8b 4b 08 48 85 c9 74 0d e8 a7 cd
0x00007ffd364d6ae7:   ff ff 48 c7 43 08 00 00 00 00 ba 18 00 00 00 48
0x00007ffd364d6af7:   8b cb e8 92 cd ff ff 48 c7 05 cf 31 01 00 00 00
0x00007ffd364d6b07:   00 00 48 83 c4 20 5b c3 cc 40 53 48 83 ec 20 48
0x00007ffd364d6b17:   8b 1d 9b 31 01 00 48 85 db 74 57 b8 ff ff ff ff
0x00007ffd364d6b27:   f0 0f c1 43 10 83 f8 01 75 3d 48 85 db 74 38 48
0x00007ffd364d6b37:   8b 0b 48 85 c9 74 0d ff 15 64 07 00 00 48 c7 03
0x00007ffd364d6b47:   00 00 00 00 48 8b 4b 08 48 85 c9 74 0d e8 37 cd
0x00007ffd364d6b57:   ff ff 48 c7 43 08 00 00 00 00 ba 18 00 00 00 48
0x00007ffd364d6b67:   8b cb e8 22 cd ff ff 48 c7 05 3f 31 01 00 00 00
0x00007ffd364d6b77:   00 00 48 83 c4 20 5b c3 cc 40 53 48 83 ec 20 48 


Stack slot to memory mapping:
stack at sp + 0 slots: 0x0 is NULL
stack at sp + 1 slots: 0x000001cb6fdeaa50 points into unknown readable memory: 0x6000382a0d1e5708 | 08 57 1e 0d 2a 38 00 60
stack at sp + 2 slots: 0x00007ffd03082940 jvm.dll
stack at sp + 3 slots: 0x00007ffd364d4354 glass.dll
stack at sp + 4 slots: 0x000001cb6fdeaa58 points into unknown readable memory: 0x00003bd5e4ac3efb | fb 3e ac e4 d5 3b 00 00
stack at sp + 5 slots: 0x00007ffd6971bea0 ucrtbase.dll
stack at sp + 6 slots: 0x00003bd5e4ac3efb is an unknown value
stack at sp + 7 slots: 0x000001cb00000000 is an unknown value

VM_Operation (0x00000019dbf7f140): Exit, mode: safepoint, requested by thread 0x000001cb6e784220


---------------  P R O C E S S  ---------------

Threads class SMR info:
_java_thread_list=0x000001cb705b41b0, length=20, elements={
0x000001cb4ba42500, 0x000001cb6e765cb0, 0x000001cb6e766730, 0x000001cb6e77fe30,
0x000001cb6e782400, 0x000001cb6e785a30, 0x000001cb6e78f310, 0x000001cb6e7979d0,
0x000001cb6e799fe0, 0x000001cb6e785560, 0x000001cb6e783880, 0x000001cb6e785090,
0x000001cb6e785f00, 0x000001cb6e783d50, 0x000001cb6e7863d0, 0x000001cb6e782a10,
0x000001cb6e784bc0, 0x000001cb6e7833b0, 0x000001cb6e782ee0, 0x000001cb6e784220
}

Java Threads: ( => current thread )
  0x000001cb4ba42500 JavaThread "main" [_thread_blocked, id=10676, stack(0x00000019d9700000,0x00000019d9800000)]
  0x000001cb6e765cb0 JavaThread "Reference Handler" daemon [_thread_blocked, id=10316, stack(0x00000019d9e00000,0x00000019d9f00000)]
  0x000001cb6e766730 JavaThread "Finalizer" daemon [_thread_blocked, id=22272, stack(0x00000019d9f00000,0x00000019da000000)]
  0x000001cb6e77fe30 JavaThread "Attach Listener" daemon [_thread_blocked, id=14948, stack(0x00000019da100000,0x00000019da200000)]
  0x000001cb6e782400 JavaThread "Service Thread" daemon [_thread_blocked, id=6912, stack(0x00000019da200000,0x00000019da300000)]
  0x000001cb6e785a30 JavaThread "Monitor Deflation Thread" daemon [_thread_blocked, id=12196, stack(0x00000019da300000,0x00000019da400000)]
  0x000001cb6e78f310 JavaThread "C2 CompilerThread0" daemon [_thread_blocked, id=20884, stack(0x00000019da400000,0x00000019da500000)]
  0x000001cb6e7979d0 JavaThread "C1 CompilerThread0" daemon [_thread_blocked, id=14092, stack(0x00000019da500000,0x00000019da600000)]
  0x000001cb6e799fe0 JavaThread "Sweeper thread" daemon [_thread_blocked, id=15448, stack(0x00000019da600000,0x00000019da700000)]
  0x000001cb6e785560 JavaThread "Common-Cleaner" daemon [_thread_blocked, id=13416, stack(0x00000019da700000,0x00000019da800000)]
  0x000001cb6e783880 JavaThread "Monitor Ctrl-Break" daemon [_thread_in_native, id=6784, stack(0x00000019daa00000,0x00000019dab00000)]
  0x000001cb6e785090 JavaThread "Notification Thread" daemon [_thread_blocked, id=20772, stack(0x00000019dab00000,0x00000019dac00000)]
  0x000001cb6e785f00 JavaThread "QuantumRenderer-0" daemon [_thread_blocked, id=11380, stack(0x00000019da900000,0x00000019daa00000)]
  0x000001cb6e783d50 JavaThread "InvokeLaterDispatcher" daemon [_thread_blocked, id=17288, stack(0x00000019dae00000,0x00000019daf00000)]
  0x000001cb6e7863d0 JavaThread "JavaFX Application Thread" [_thread_in_native, id=3316, stack(0x00000019daf00000,0x00000019db000000)]
  0x000001cb6e782a10 JavaThread "JavaFX-Launcher" [_thread_blocked, id=18772, stack(0x00000019db200000,0x00000019db300000)]
  0x000001cb6e784bc0 JavaThread "Thread-2" daemon [_thread_in_native, id=19148, stack(0x00000019db100000,0x00000019db200000)]
  0x000001cb6e7833b0 JavaThread "Prism Font Disposer" daemon [_thread_blocked, id=26492, stack(0x00000019dbb00000,0x00000019dbc00000)]
  0x000001cb6e782ee0 JavaThread "Cleaner-0" daemon [_thread_blocked, id=19752, stack(0x00000019dbc30000,0x00000019dbd30000)]
  0x000001cb6e784220 JavaThread "SIGINT handler" daemon [_thread_blocked, id=25132, stack(0x00000019dbe80000,0x00000019dbf80000)]

Other Threads:
=>0x000001cb6e7620c0 VMThread "VM Thread" [stack: 0x00000019d9d00000,0x00000019d9e00000] [id=5344]
  0x000001cb4ba8ef20 GCTaskThread "GC Thread#0" [stack: 0x00000019d9800000,0x00000019d9900000] [id=6588]
  0x000001cb6f95bd00 GCTaskThread "GC Thread#1" [stack: 0x00000019db300000,0x00000019db400000] [id=8312]
  0x000001cb6f95cd20 GCTaskThread "GC Thread#2" [stack: 0x00000019db400000,0x00000019db500000] [id=23276]
  0x000001cb7031e720 GCTaskThread "GC Thread#3" [stack: 0x00000019db500000,0x00000019db600000] [id=26176]
  0x000001cb7031f1e0 GCTaskThread "GC Thread#4" [stack: 0x00000019db600000,0x00000019db700000] [id=7572]
  0x000001cb7031ef30 GCTaskThread "GC Thread#5" [stack: 0x00000019db700000,0x00000019db800000] [id=10048]
  0x000001cb7031f490 GCTaskThread "GC Thread#6" [stack: 0x00000019da800000,0x00000019da900000] [id=4464]
  0x000001cb70320200 GCTaskThread "GC Thread#7" [stack: 0x00000019dbd40000,0x00000019dbe40000] [id=1288]
  0x000001cb4ba9fd70 ConcurrentGCThread "G1 Main Marker" terminated
  0x000001cb4baa1790 ConcurrentGCThread "G1 Conc#0" [stack: 0x00000019d9a00000,0x00000019d9b00000] [id=7504]
  0x000001cb6e61c110 ConcurrentGCThread "G1 Refine#0" terminated
  0x000001cb4bb0dc00 ConcurrentGCThread "G1 Service" terminated

Threads with active compile tasks:

VM state: at safepoint (shutting down)

VM Mutex/Monitor currently owned by a thread:  ([mutex/lock_event])
[0x000001cb4ba3ac50] Threads_lock - owner thread: 0x000001cb6e7620c0
[0x000001cb4ba3b5e0] Heap_lock - owner thread: 0x000001cb6e784220

Heap address: 0x0000000700e00000, size: 4082 MB, Compressed Oops mode: Zero based, Oop shift amount: 3

CDS archive(s) mapped at: [0x0000000800000000-0x0000000800bc0000-0x0000000800bc0000), size 12320768, SharedBaseAddress: 0x0000000800000000, ArchiveRelocationMode: 0.
Compressed class space mapped at: 0x0000000800c00000-0x0000000840c00000, reserved size: 1073741824
Narrow klass base: 0x0000000800000000, Narrow klass shift: 0, Narrow klass range: 0x100000000

GC Precious Log:
 CPUs: 8 total, 8 available
 Memory: 16323M
 Large Page Support: Disabled
 NUMA Support: Disabled
 Compressed Oops: Enabled (Zero based)
 Heap Region Size: 2M
 Heap Min Capacity: 8M
 Heap Initial Capacity: 256M
 Heap Max Capacity: 4082M
 Pre-touch: Disabled
 Parallel Workers: 8
 Concurrent Workers: 2
 Concurrent Refinement Workers: 8
 Periodic GC: Disabled

Heap:
 garbage-first heap   total 262144K, used 25973K [0x0000000700e00000, 0x0000000800000000)
  region size 2048K, 12 young (24576K), 3 survivors (6144K)
 Metaspace       used 15999K, committed 16192K, reserved 1064960K
  class space    used 2281K, committed 2368K, reserved 1048576K

Heap Regions: E=young(eden), S=young(survivor), O=old, HS=humongous(starts), HC=humongous(continues), CS=collection set, F=free, OA=open archive, CA=closed archive, TAMS=top-at-mark-start (previous, next)
|   0|0x0000000700e00000, 0x0000000701000000, 0x0000000701000000|100%|HS|  |TAMS 0x0000000700e00000, 0x0000000700e00000| Complete 
|   1|0x0000000701000000, 0x000000070115d600, 0x0000000701200000| 68%| O|  |TAMS 0x0000000701000000, 0x0000000701000000| Untracked 
|   2|0x0000000701200000, 0x0000000701200000, 0x0000000701400000|  0%| F|  |TAMS 0x0000000701200000, 0x0000000701200000| Untracked 
|   3|0x0000000701400000, 0x0000000701400000, 0x0000000701600000|  0%| F|  |TAMS 0x0000000701400000, 0x0000000701400000| Untracked 
|   4|0x0000000701600000, 0x0000000701600000, 0x0000000701800000|  0%| F|  |TAMS 0x0000000701600000, 0x0000000701600000| Untracked 
|   5|0x0000000701800000, 0x0000000701800000, 0x0000000701a00000|  0%| F|  |TAMS 0x0000000701800000, 0x0000000701800000| Untracked 
|   6|0x0000000701a00000, 0x0000000701a00000, 0x0000000701c00000|  0%| F|  |TAMS 0x0000000701a00000, 0x0000000701a00000| Untracked 
|   7|0x0000000701c00000, 0x0000000701c00000, 0x0000000701e00000|  0%| F|  |TAMS 0x0000000701c00000, 0x0000000701c00000| Untracked 
|   8|0x0000000701e00000, 0x0000000701e00000, 0x0000000702000000|  0%| F|  |TAMS 0x0000000701e00000, 0x0000000701e00000| Untracked 
|   9|0x0000000702000000, 0x0000000702000000, 0x0000000702200000|  0%| F|  |TAMS 0x0000000702000000, 0x0000000702000000| Untracked 
|  10|0x0000000702200000, 0x0000000702200000, 0x0000000702400000|  0%| F|  |TAMS 0x0000000702200000, 0x0000000702200000| Untracked 
|  11|0x0000000702400000, 0x0000000702400000, 0x0000000702600000|  0%| F|  |TAMS 0x0000000702400000, 0x0000000702400000| Untracked 
|  12|0x0000000702600000, 0x0000000702600000, 0x0000000702800000|  0%| F|  |TAMS 0x0000000702600000, 0x0000000702600000| Untracked 
|  13|0x0000000702800000, 0x0000000702800000, 0x0000000702a00000|  0%| F|  |TAMS 0x0000000702800000, 0x0000000702800000| Untracked 
|  14|0x0000000702a00000, 0x0000000702a00000, 0x0000000702c00000|  0%| F|  |TAMS 0x0000000702a00000, 0x0000000702a00000| Untracked 
|  15|0x0000000702c00000, 0x0000000702c00000, 0x0000000702e00000|  0%| F|  |TAMS 0x0000000702c00000, 0x0000000702c00000| Untracked 
|  16|0x0000000702e00000, 0x0000000702e00000, 0x0000000703000000|  0%| F|  |TAMS 0x0000000702e00000, 0x0000000702e00000| Untracked 
|  17|0x0000000703000000, 0x0000000703000000, 0x0000000703200000|  0%| F|  |TAMS 0x0000000703000000, 0x0000000703000000| Untracked 
|  18|0x0000000703200000, 0x0000000703200000, 0x0000000703400000|  0%| F|  |TAMS 0x0000000703200000, 0x0000000703200000| Untracked 
|  19|0x0000000703400000, 0x0000000703400000, 0x0000000703600000|  0%| F|  |TAMS 0x0000000703400000, 0x0000000703400000| Untracked 
|  20|0x0000000703600000, 0x0000000703600000, 0x0000000703800000|  0%| F|  |TAMS 0x0000000703600000, 0x0000000703600000| Untracked 
|  21|0x0000000703800000, 0x0000000703800000, 0x0000000703a00000|  0%| F|  |TAMS 0x0000000703800000, 0x0000000703800000| Untracked 
|  22|0x0000000703a00000, 0x0000000703a00000, 0x0000000703c00000|  0%| F|  |TAMS 0x0000000703a00000, 0x0000000703a00000| Untracked 
|  23|0x0000000703c00000, 0x0000000703c00000, 0x0000000703e00000|  0%| F|  |TAMS 0x0000000703c00000, 0x0000000703c00000| Untracked 
|  24|0x0000000703e00000, 0x0000000703e00000, 0x0000000704000000|  0%| F|  |TAMS 0x0000000703e00000, 0x0000000703e00000| Untracked 
|  25|0x0000000704000000, 0x0000000704000000, 0x0000000704200000|  0%| F|  |TAMS 0x0000000704000000, 0x0000000704000000| Untracked 
|  26|0x0000000704200000, 0x0000000704200000, 0x0000000704400000|  0%| F|  |TAMS 0x0000000704200000, 0x0000000704200000| Untracked 
|  27|0x0000000704400000, 0x0000000704400000, 0x0000000704600000|  0%| F|  |TAMS 0x0000000704400000, 0x0000000704400000| Untracked 
|  28|0x0000000704600000, 0x0000000704600000, 0x0000000704800000|  0%| F|  |TAMS 0x0000000704600000, 0x0000000704600000| Untracked 
|  29|0x0000000704800000, 0x0000000704800000, 0x0000000704a00000|  0%| F|  |TAMS 0x0000000704800000, 0x0000000704800000| Untracked 
|  30|0x0000000704a00000, 0x0000000704a00000, 0x0000000704c00000|  0%| F|  |TAMS 0x0000000704a00000, 0x0000000704a00000| Untracked 
|  31|0x0000000704c00000, 0x0000000704c00000, 0x0000000704e00000|  0%| F|  |TAMS 0x0000000704c00000, 0x0000000704c00000| Untracked 
|  32|0x0000000704e00000, 0x0000000704e00000, 0x0000000705000000|  0%| F|  |TAMS 0x0000000704e00000, 0x0000000704e00000| Untracked 
|  33|0x0000000705000000, 0x0000000705000000, 0x0000000705200000|  0%| F|  |TAMS 0x0000000705000000, 0x0000000705000000| Untracked 
|  34|0x0000000705200000, 0x0000000705200000, 0x0000000705400000|  0%| F|  |TAMS 0x0000000705200000, 0x0000000705200000| Untracked 
|  35|0x0000000705400000, 0x0000000705400000, 0x0000000705600000|  0%| F|  |TAMS 0x0000000705400000, 0x0000000705400000| Untracked 
|  36|0x0000000705600000, 0x0000000705600000, 0x0000000705800000|  0%| F|  |TAMS 0x0000000705600000, 0x0000000705600000| Untracked 
|  37|0x0000000705800000, 0x0000000705800000, 0x0000000705a00000|  0%| F|  |TAMS 0x0000000705800000, 0x0000000705800000| Untracked 
|  38|0x0000000705a00000, 0x0000000705a00000, 0x0000000705c00000|  0%| F|  |TAMS 0x0000000705a00000, 0x0000000705a00000| Untracked 
|  39|0x0000000705c00000, 0x0000000705c00000, 0x0000000705e00000|  0%| F|  |TAMS 0x0000000705c00000, 0x0000000705c00000| Untracked 
|  40|0x0000000705e00000, 0x0000000705e00000, 0x0000000706000000|  0%| F|  |TAMS 0x0000000705e00000, 0x0000000705e00000| Untracked 
|  41|0x0000000706000000, 0x0000000706000000, 0x0000000706200000|  0%| F|  |TAMS 0x0000000706000000, 0x0000000706000000| Untracked 
|  42|0x0000000706200000, 0x0000000706200000, 0x0000000706400000|  0%| F|  |TAMS 0x0000000706200000, 0x0000000706200000| Untracked 
|  43|0x0000000706400000, 0x0000000706400000, 0x0000000706600000|  0%| F|  |TAMS 0x0000000706400000, 0x0000000706400000| Untracked 
|  44|0x0000000706600000, 0x0000000706600000, 0x0000000706800000|  0%| F|  |TAMS 0x0000000706600000, 0x0000000706600000| Untracked 
|  45|0x0000000706800000, 0x0000000706800000, 0x0000000706a00000|  0%| F|  |TAMS 0x0000000706800000, 0x0000000706800000| Untracked 
|  46|0x0000000706a00000, 0x0000000706a00000, 0x0000000706c00000|  0%| F|  |TAMS 0x0000000706a00000, 0x0000000706a00000| Untracked 
|  47|0x0000000706c00000, 0x0000000706c00000, 0x0000000706e00000|  0%| F|  |TAMS 0x0000000706c00000, 0x0000000706c00000| Untracked 
|  48|0x0000000706e00000, 0x0000000706e00000, 0x0000000707000000|  0%| F|  |TAMS 0x0000000706e00000, 0x0000000706e00000| Untracked 
|  49|0x0000000707000000, 0x0000000707000000, 0x0000000707200000|  0%| F|  |TAMS 0x0000000707000000, 0x0000000707000000| Untracked 
|  50|0x0000000707200000, 0x0000000707200000, 0x0000000707400000|  0%| F|  |TAMS 0x0000000707200000, 0x0000000707200000| Untracked 
|  51|0x0000000707400000, 0x0000000707400000, 0x0000000707600000|  0%| F|  |TAMS 0x0000000707400000, 0x0000000707400000| Untracked 
|  52|0x0000000707600000, 0x0000000707600000, 0x0000000707800000|  0%| F|  |TAMS 0x0000000707600000, 0x0000000707600000| Untracked 
|  53|0x0000000707800000, 0x0000000707800000, 0x0000000707a00000|  0%| F|  |TAMS 0x0000000707800000, 0x0000000707800000| Untracked 
|  54|0x0000000707a00000, 0x0000000707a00000, 0x0000000707c00000|  0%| F|  |TAMS 0x0000000707a00000, 0x0000000707a00000| Untracked 
|  55|0x0000000707c00000, 0x0000000707c00000, 0x0000000707e00000|  0%| F|  |TAMS 0x0000000707c00000, 0x0000000707c00000| Untracked 
|  56|0x0000000707e00000, 0x0000000707e00000, 0x0000000708000000|  0%| F|  |TAMS 0x0000000707e00000, 0x0000000707e00000| Untracked 
|  57|0x0000000708000000, 0x0000000708000000, 0x0000000708200000|  0%| F|  |TAMS 0x0000000708000000, 0x0000000708000000| Untracked 
|  58|0x0000000708200000, 0x0000000708200000, 0x0000000708400000|  0%| F|  |TAMS 0x0000000708200000, 0x0000000708200000| Untracked 
|  59|0x0000000708400000, 0x0000000708400000, 0x0000000708600000|  0%| F|  |TAMS 0x0000000708400000, 0x0000000708400000| Untracked 
|  60|0x0000000708600000, 0x0000000708600000, 0x0000000708800000|  0%| F|  |TAMS 0x0000000708600000, 0x0000000708600000| Untracked 
|  61|0x0000000708800000, 0x0000000708800000, 0x0000000708a00000|  0%| F|  |TAMS 0x0000000708800000, 0x0000000708800000| Untracked 
|  62|0x0000000708a00000, 0x0000000708a00000, 0x0000000708c00000|  0%| F|  |TAMS 0x0000000708a00000, 0x0000000708a00000| Untracked 
|  63|0x0000000708c00000, 0x0000000708c00000, 0x0000000708e00000|  0%| F|  |TAMS 0x0000000708c00000, 0x0000000708c00000| Untracked 
|  64|0x0000000708e00000, 0x0000000708e00000, 0x0000000709000000|  0%| F|  |TAMS 0x0000000708e00000, 0x0000000708e00000| Untracked 
|  65|0x0000000709000000, 0x0000000709000000, 0x0000000709200000|  0%| F|  |TAMS 0x0000000709000000, 0x0000000709000000| Untracked 
|  66|0x0000000709200000, 0x0000000709200000, 0x0000000709400000|  0%| F|  |TAMS 0x0000000709200000, 0x0000000709200000| Untracked 
|  67|0x0000000709400000, 0x0000000709400000, 0x0000000709600000|  0%| F|  |TAMS 0x0000000709400000, 0x0000000709400000| Untracked 
|  68|0x0000000709600000, 0x0000000709600000, 0x0000000709800000|  0%| F|  |TAMS 0x0000000709600000, 0x0000000709600000| Untracked 
|  69|0x0000000709800000, 0x0000000709800000, 0x0000000709a00000|  0%| F|  |TAMS 0x0000000709800000, 0x0000000709800000| Untracked 
|  70|0x0000000709a00000, 0x0000000709a00000, 0x0000000709c00000|  0%| F|  |TAMS 0x0000000709a00000, 0x0000000709a00000| Untracked 
|  71|0x0000000709c00000, 0x0000000709c00000, 0x0000000709e00000|  0%| F|  |TAMS 0x0000000709c00000, 0x0000000709c00000| Untracked 
|  72|0x0000000709e00000, 0x0000000709e00000, 0x000000070a000000|  0%| F|  |TAMS 0x0000000709e00000, 0x0000000709e00000| Untracked 
|  73|0x000000070a000000, 0x000000070a000000, 0x000000070a200000|  0%| F|  |TAMS 0x000000070a000000, 0x000000070a000000| Untracked 
|  74|0x000000070a200000, 0x000000070a200000, 0x000000070a400000|  0%| F|  |TAMS 0x000000070a200000, 0x000000070a200000| Untracked 
|  75|0x000000070a400000, 0x000000070a400000, 0x000000070a600000|  0%| F|  |TAMS 0x000000070a400000, 0x000000070a400000| Untracked 
|  76|0x000000070a600000, 0x000000070a600000, 0x000000070a800000|  0%| F|  |TAMS 0x000000070a600000, 0x000000070a600000| Untracked 
|  77|0x000000070a800000, 0x000000070a800000, 0x000000070aa00000|  0%| F|  |TAMS 0x000000070a800000, 0x000000070a800000| Untracked 
|  78|0x000000070aa00000, 0x000000070aa00000, 0x000000070ac00000|  0%| F|  |TAMS 0x000000070aa00000, 0x000000070aa00000| Untracked 
|  79|0x000000070ac00000, 0x000000070ac00000, 0x000000070ae00000|  0%| F|  |TAMS 0x000000070ac00000, 0x000000070ac00000| Untracked 
|  80|0x000000070ae00000, 0x000000070ae00000, 0x000000070b000000|  0%| F|  |TAMS 0x000000070ae00000, 0x000000070ae00000| Untracked 
|  81|0x000000070b000000, 0x000000070b000000, 0x000000070b200000|  0%| F|  |TAMS 0x000000070b000000, 0x000000070b000000| Untracked 
|  82|0x000000070b200000, 0x000000070b200000, 0x000000070b400000|  0%| F|  |TAMS 0x000000070b200000, 0x000000070b200000| Untracked 
|  83|0x000000070b400000, 0x000000070b400000, 0x000000070b600000|  0%| F|  |TAMS 0x000000070b400000, 0x000000070b400000| Untracked 
|  84|0x000000070b600000, 0x000000070b600000, 0x000000070b800000|  0%| F|  |TAMS 0x000000070b600000, 0x000000070b600000| Untracked 
|  85|0x000000070b800000, 0x000000070b800000, 0x000000070ba00000|  0%| F|  |TAMS 0x000000070b800000, 0x000000070b800000| Untracked 
|  86|0x000000070ba00000, 0x000000070ba00000, 0x000000070bc00000|  0%| F|  |TAMS 0x000000070ba00000, 0x000000070ba00000| Untracked 
|  87|0x000000070bc00000, 0x000000070bc00000, 0x000000070be00000|  0%| F|  |TAMS 0x000000070bc00000, 0x000000070bc00000| Untracked 
|  88|0x000000070be00000, 0x000000070be00000, 0x000000070c000000|  0%| F|  |TAMS 0x000000070be00000, 0x000000070be00000| Untracked 
|  89|0x000000070c000000, 0x000000070c000000, 0x000000070c200000|  0%| F|  |TAMS 0x000000070c000000, 0x000000070c000000| Untracked 
|  90|0x000000070c200000, 0x000000070c200000, 0x000000070c400000|  0%| F|  |TAMS 0x000000070c200000, 0x000000070c200000| Untracked 
|  91|0x000000070c400000, 0x000000070c400000, 0x000000070c600000|  0%| F|  |TAMS 0x000000070c400000, 0x000000070c400000| Untracked 
|  92|0x000000070c600000, 0x000000070c600000, 0x000000070c800000|  0%| F|  |TAMS 0x000000070c600000, 0x000000070c600000| Untracked 
|  93|0x000000070c800000, 0x000000070c800000, 0x000000070ca00000|  0%| F|  |TAMS 0x000000070c800000, 0x000000070c800000| Untracked 
|  94|0x000000070ca00000, 0x000000070ca00000, 0x000000070cc00000|  0%| F|  |TAMS 0x000000070ca00000, 0x000000070ca00000| Untracked 
|  95|0x000000070cc00000, 0x000000070cc00000, 0x000000070ce00000|  0%| F|  |TAMS 0x000000070cc00000, 0x000000070cc00000| Untracked 
|  96|0x000000070ce00000, 0x000000070ce00000, 0x000000070d000000|  0%| F|  |TAMS 0x000000070ce00000, 0x000000070ce00000| Untracked 
|  97|0x000000070d000000, 0x000000070d000000, 0x000000070d200000|  0%| F|  |TAMS 0x000000070d000000, 0x000000070d000000| Untracked 
|  98|0x000000070d200000, 0x000000070d200000, 0x000000070d400000|  0%| F|  |TAMS 0x000000070d200000, 0x000000070d200000| Untracked 
|  99|0x000000070d400000, 0x000000070d400000, 0x000000070d600000|  0%| F|  |TAMS 0x000000070d400000, 0x000000070d400000| Untracked 
| 100|0x000000070d600000, 0x000000070d600000, 0x000000070d800000|  0%| F|  |TAMS 0x000000070d600000, 0x000000070d600000| Untracked 
| 101|0x000000070d800000, 0x000000070d800000, 0x000000070da00000|  0%| F|  |TAMS 0x000000070d800000, 0x000000070d800000| Untracked 
| 102|0x000000070da00000, 0x000000070da00000, 0x000000070dc00000|  0%| F|  |TAMS 0x000000070da00000, 0x000000070da00000| Untracked 
| 103|0x000000070dc00000, 0x000000070dc00000, 0x000000070de00000|  0%| F|  |TAMS 0x000000070dc00000, 0x000000070dc00000| Untracked 
| 104|0x000000070de00000, 0x000000070de00000, 0x000000070e000000|  0%| F|  |TAMS 0x000000070de00000, 0x000000070de00000| Untracked 
| 105|0x000000070e000000, 0x000000070e200000, 0x000000070e200000|100%| S|CS|TAMS 0x000000070e000000, 0x000000070e000000| Complete 
| 106|0x000000070e200000, 0x000000070e400000, 0x000000070e400000|100%| S|CS|TAMS 0x000000070e200000, 0x000000070e200000| Complete 
| 107|0x000000070e400000, 0x000000070e600000, 0x000000070e600000|100%| S|CS|TAMS 0x000000070e400000, 0x000000070e400000| Complete 
| 108|0x000000070e600000, 0x000000070e600000, 0x000000070e800000|  0%| F|  |TAMS 0x000000070e600000, 0x000000070e600000| Untracked 
| 109|0x000000070e800000, 0x000000070e800000, 0x000000070ea00000|  0%| F|  |TAMS 0x000000070e800000, 0x000000070e800000| Untracked 
| 110|0x000000070ea00000, 0x000000070ea00000, 0x000000070ec00000|  0%| F|  |TAMS 0x000000070ea00000, 0x000000070ea00000| Untracked 
| 111|0x000000070ec00000, 0x000000070ec00000, 0x000000070ee00000|  0%| F|  |TAMS 0x000000070ec00000, 0x000000070ec00000| Untracked 
| 112|0x000000070ee00000, 0x000000070ee00000, 0x000000070f000000|  0%| F|  |TAMS 0x000000070ee00000, 0x000000070ee00000| Untracked 
| 113|0x000000070f000000, 0x000000070f000000, 0x000000070f200000|  0%| F|  |TAMS 0x000000070f000000, 0x000000070f000000| Untracked 
| 114|0x000000070f200000, 0x000000070f200000, 0x000000070f400000|  0%| F|  |TAMS 0x000000070f200000, 0x000000070f200000| Untracked 
| 115|0x000000070f400000, 0x000000070f400000, 0x000000070f600000|  0%| F|  |TAMS 0x000000070f400000, 0x000000070f400000| Untracked 
| 116|0x000000070f600000, 0x000000070f600000, 0x000000070f800000|  0%| F|  |TAMS 0x000000070f600000, 0x000000070f600000| Untracked 
| 117|0x000000070f800000, 0x000000070f800000, 0x000000070fa00000|  0%| F|  |TAMS 0x000000070f800000, 0x000000070f800000| Untracked 
| 118|0x000000070fa00000, 0x000000070fa00000, 0x000000070fc00000|  0%| F|  |TAMS 0x000000070fa00000, 0x000000070fa00000| Untracked 
| 119|0x000000070fc00000, 0x000000070fd76480, 0x000000070fe00000| 73%| E|  |TAMS 0x000000070fc00000, 0x000000070fc00000| Complete 
| 120|0x000000070fe00000, 0x0000000710000000, 0x0000000710000000|100%| E|CS|TAMS 0x000000070fe00000, 0x000000070fe00000| Complete 
| 121|0x0000000710000000, 0x0000000710200000, 0x0000000710200000|100%| E|CS|TAMS 0x0000000710000000, 0x0000000710000000| Complete 
| 122|0x0000000710200000, 0x0000000710400000, 0x0000000710400000|100%| E|CS|TAMS 0x0000000710200000, 0x0000000710200000| Complete 
| 123|0x0000000710400000, 0x0000000710600000, 0x0000000710600000|100%| E|CS|TAMS 0x0000000710400000, 0x0000000710400000| Complete 
| 124|0x0000000710600000, 0x0000000710800000, 0x0000000710800000|100%| E|CS|TAMS 0x0000000710600000, 0x0000000710600000| Complete 
| 125|0x0000000710800000, 0x0000000710a00000, 0x0000000710a00000|100%| E|CS|TAMS 0x0000000710800000, 0x0000000710800000| Complete 
| 126|0x0000000710a00000, 0x0000000710c00000, 0x0000000710c00000|100%| E|CS|TAMS 0x0000000710a00000, 0x0000000710a00000| Complete 
| 127|0x0000000710c00000, 0x0000000710e00000, 0x0000000710e00000|100%| E|CS|TAMS 0x0000000710c00000, 0x0000000710c00000| Complete 

Card table byte_map: [0x000001cb62d80000,0x000001cb63580000] _byte_map_base: 0x000001cb5f579000

Marking Bits (Prev, Next): (CMBitMap*) 0x000001cb4ba8f530, (CMBitMap*) 0x000001cb4ba8f570
 Prev Bits: [0x000001cb63d80000, 0x000001cb67d48000)
 Next Bits: [0x000001cb67d50000, 0x000001cb6bd18000)

Polling page: 0x000001cb498f0000

Metaspace:

Usage:
  Non-class:     13.40 MB used.
      Class:      2.23 MB used.
       Both:     15.62 MB used.

Virtual space:
  Non-class space:       16.00 MB reserved,      13.50 MB ( 84%) committed,  2 nodes.
      Class space:        1.00 GB reserved,       2.31 MB ( <1%) committed,  1 nodes.
             Both:        1.02 GB reserved,      15.81 MB (  2%) committed. 

Chunk freelists:
   Non-Class:  1.69 MB
       Class:  1.65 MB
        Both:  3.33 MB

MaxMetaspaceSize: unlimited
CompressedClassSpaceSize: 1.00 GB
Initial GC threshold: 21.00 MB
Current GC threshold: 21.00 MB
CDS: on
MetaspaceReclaimPolicy: balanced
 - commit_granule_bytes: 65536.
 - commit_granule_words: 8192.
 - virtual_space_node_default_size: 1048576.
 - enlarge_chunks_in_place: 1.
 - new_chunks_are_fully_committed: 0.
 - uncommit_free_chunks: 1.
 - use_allocation_guard: 0.
 - handle_deallocations: 1.


Internal statistics:

num_allocs_failed_limit: 0.
num_arena_births: 226.
num_arena_deaths: 0.
num_vsnodes_births: 3.
num_vsnodes_deaths: 0.
num_space_committed: 253.
num_space_uncommitted: 0.
num_chunks_returned_to_freelist: 0.
num_chunks_taken_from_freelist: 742.
num_chunk_merges: 0.
num_chunk_splits: 509.
num_chunks_enlarged: 390.
num_purges: 0.
num_inconsistent_stats: 0.

CodeHeap 'non-profiled nmethods': size=120000Kb used=1252Kb max_used=1252Kb free=118747Kb
 bounds [0x000001cb5ad10000, 0x000001cb5af80000, 0x000001cb62240000]
CodeHeap 'profiled nmethods': size=120000Kb used=5440Kb max_used=5440Kb free=114559Kb
 bounds [0x000001cb537e0000, 0x000001cb53d40000, 0x000001cb5ad10000]
CodeHeap 'non-nmethods': size=5760Kb used=1428Kb max_used=1452Kb free=4331Kb
 bounds [0x000001cb53240000, 0x000001cb534b0000, 0x000001cb537e0000]
 total_blobs=3686 nmethods=2896 adapters=701
 compilation: enabled
              stopped_count=0, restarted_count=0
 full_count=0

Compilation events (20 events):
Event: 19.805 Thread 0x000001cb6e7979d0 2888       3       javafx.stage.Window::notifyLocationChanged (17 bytes)
Event: 19.805 Thread 0x000001cb6e7979d0 nmethod 2888 0x000001cb53d2d110 code [0x000001cb53d2d2c0, 0x000001cb53d2d578]
Event: 19.811 Thread 0x000001cb6e7979d0 2889       3       com.sun.glass.ui.Screen::portionIntersectsPlatformRect (99 bytes)
Event: 19.811 Thread 0x000001cb6e7979d0 nmethod 2889 0x000001cb53d2d690 code [0x000001cb53d2d860, 0x000001cb53d2dd38]
Event: 19.812 Thread 0x000001cb6e7979d0 2890       3       com.sun.glass.ui.Screen::containsPlatformCoords (44 bytes)
Event: 19.812 Thread 0x000001cb6e7979d0 nmethod 2890 0x000001cb53d2df10 code [0x000001cb53d2e0a0, 0x000001cb53d2e2d8]
Event: 20.077 Thread 0x000001cb6e7979d0 2891       3       com.sun.javafx.tk.quantum.PaintCollector::getInstance (4 bytes)
Event: 20.078 Thread 0x000001cb6e7979d0 nmethod 2891 0x000001cb53d2e390 code [0x000001cb53d2e520, 0x000001cb53d2e618]
Event: 20.334 Thread 0x000001cb6e7979d0 2892       3       java.util.Arrays$ArrayList::iterator (12 bytes)
Event: 20.334 Thread 0x000001cb6e7979d0 nmethod 2892 0x000001cb53d2e690 code [0x000001cb53d2e840, 0x000001cb53d2ead8]
Event: 20.334 Thread 0x000001cb6e7979d0 2893       3       java.util.Arrays$ArrayItr::<init> (10 bytes)
Event: 20.334 Thread 0x000001cb6e7979d0 nmethod 2893 0x000001cb53d2ec10 code [0x000001cb53d2eda0, 0x000001cb53d2ef58]
Event: 20.422 Thread 0x000001cb6e7979d0 2894       3       java.util.Collections$UnmodifiableCollection::iterator (9 bytes)
Event: 20.422 Thread 0x000001cb6e7979d0 nmethod 2894 0x000001cb53d2f010 code [0x000001cb53d2f1c0, 0x000001cb53d2f588]
Event: 20.422 Thread 0x000001cb6e7979d0 2895       3       java.util.Collections$UnmodifiableCollection$1::<init> (26 bytes)
Event: 20.422 Thread 0x000001cb6e7979d0 nmethod 2895 0x000001cb53d2f710 code [0x000001cb53d2f8c0, 0x000001cb53d2fbc8]
Event: 20.514 Thread 0x000001cb6e7979d0 2896       3       com.sun.javafx.application.PlatformImpl::isFxApplicationThread (7 bytes)
Event: 20.514 Thread 0x000001cb6e7979d0 nmethod 2896 0x000001cb53d2fd10 code [0x000001cb53d2fec0, 0x000001cb53d30148]
Event: 20.608 Thread 0x000001cb6e78f310 2897   !   4       com.sun.javafx.tk.quantum.QuantumToolkit::runWithoutRenderLock (49 bytes)
Event: 20.611 Thread 0x000001cb6e78f310 nmethod 2897 0x000001cb5ae48810 code [0x000001cb5ae489c0, 0x000001cb5ae48d98]

GC Heap History (4 events):
Event: 0.513 GC heap before
{Heap before GC invocations=0 (full 0):
 garbage-first heap   total 262144K, used 20480K [0x0000000700e00000, 0x0000000800000000)
  region size 2048K, 11 young (22528K), 0 survivors (0K)
 Metaspace       used 5123K, committed 5376K, reserved 1056768K
  class space    used 597K, committed 704K, reserved 1048576K
}
Event: 0.516 GC heap after
{Heap after GC invocations=1 (full 0):
 garbage-first heap   total 262144K, used 2769K [0x0000000700e00000, 0x0000000800000000)
  region size 2048K, 2 young (4096K), 2 survivors (4096K)
 Metaspace       used 5123K, committed 5376K, reserved 1056768K
  class space    used 597K, committed 704K, reserved 1048576K
}
Event: 1.524 GC heap before
{Heap before GC invocations=1 (full 0):
 garbage-first heap   total 262144K, used 41681K [0x0000000700e00000, 0x0000000800000000)
  region size 2048K, 20 young (40960K), 2 survivors (4096K)
 Metaspace       used 14682K, committed 14912K, reserved 1064960K
  class space    used 2135K, committed 2240K, reserved 1048576K
}
Event: 1.529 GC heap after
{Heap after GC invocations=2 (full 0):
 garbage-first heap   total 262144K, used 9589K [0x0000000700e00000, 0x0000000800000000)
  region size 2048K, 3 young (6144K), 3 survivors (6144K)
 Metaspace       used 14682K, committed 14912K, reserved 1064960K
  class space    used 2135K, committed 2240K, reserved 1048576K
}

Deoptimization events (20 events):
Event: 14.770 Thread 0x000001cb6e7863d0 Uncommon trap: trap_request=0xffffff45 fr.pc=0x000001cb5ade3e88 relative=0x0000000000000888
Event: 14.770 Thread 0x000001cb6e7863d0 Uncommon trap: reason=unstable_if action=reinterpret pc=0x000001cb5ade3e88 method=javafx.scene.Parent.getOrderedChildren()Ljava/util/List; @ 7 c2
Event: 14.770 Thread 0x000001cb6e7863d0 DEOPT PACKING pc=0x000001cb5ade3e88 sp=0x00000019daff9a80
Event: 14.770 Thread 0x000001cb6e7863d0 DEOPT UNPACKING pc=0x000001cb532923a3 sp=0x00000019daff97d0 mode 2
Event: 17.861 Thread 0x000001cb6e7863d0 Uncommon trap: trap_request=0xffffff45 fr.pc=0x000001cb5ae16648 relative=0x0000000000000dc8
Event: 17.861 Thread 0x000001cb6e7863d0 Uncommon trap: reason=unstable_if action=reinterpret pc=0x000001cb5ae16648 method=javafx.scene.Scene$ClickCounter.stopTimeout()V @ 4 c2
Event: 17.861 Thread 0x000001cb6e7863d0 DEOPT PACKING pc=0x000001cb5ae16648 sp=0x00000019daff9c30
Event: 17.861 Thread 0x000001cb6e7863d0 DEOPT UNPACKING pc=0x000001cb532923a3 sp=0x00000019daff9b00 mode 2
Event: 18.381 Thread 0x000001cb6e7863d0 Uncommon trap: trap_request=0xffffff45 fr.pc=0x000001cb5ae06e24 relative=0x0000000000000144
Event: 18.381 Thread 0x000001cb6e7863d0 Uncommon trap: reason=unstable_if action=reinterpret pc=0x000001cb5ae06e24 method=javafx.scene.Scene$ClickCounter.stopTimeout()V @ 4 c2
Event: 18.381 Thread 0x000001cb6e7863d0 DEOPT PACKING pc=0x000001cb5ae06e24 sp=0x00000019daff9ac0
Event: 18.381 Thread 0x000001cb6e7863d0 DEOPT UNPACKING pc=0x000001cb532923a3 sp=0x00000019daff9988 mode 2
Event: 18.762 Thread 0x000001cb6e7863d0 Uncommon trap: trap_request=0xffffff45 fr.pc=0x000001cb5ae3ee1c relative=0x0000000000001b3c
Event: 18.762 Thread 0x000001cb6e7863d0 Uncommon trap: reason=unstable_if action=reinterpret pc=0x000001cb5ae3ee1c method=javafx.scene.Scene$MouseHandler.handleEnterExit(Ljavafx/scene/input/MouseEvent;Ljavafx/scene/Scene$TargetWrapper;)V @ 124 c2
Event: 18.762 Thread 0x000001cb6e7863d0 DEOPT PACKING pc=0x000001cb5ae3ee1c sp=0x00000019daff9c60
Event: 18.762 Thread 0x000001cb6e7863d0 DEOPT UNPACKING pc=0x000001cb532923a3 sp=0x00000019daff9c10 mode 2
Event: 18.962 Thread 0x000001cb6e7863d0 Uncommon trap: trap_request=0xffffff45 fr.pc=0x000001cb5ae3b66c relative=0x00000000000010ec
Event: 18.962 Thread 0x000001cb6e7863d0 Uncommon trap: reason=unstable_if action=reinterpret pc=0x000001cb5ae3b66c method=com.sun.javafx.scene.input.PickResultChooser.toPickResult()Ljavafx/scene/input/PickResult; @ 4 c2
Event: 18.962 Thread 0x000001cb6e7863d0 DEOPT PACKING pc=0x000001cb5ae3b66c sp=0x00000019daff9f30
Event: 18.962 Thread 0x000001cb6e7863d0 DEOPT UNPACKING pc=0x000001cb532923a3 sp=0x00000019daff9e50 mode 2

Classes unloaded (0 events):
No events

Classes redefined (0 events):
No events

Internal exceptions (20 events):
Event: 0.805 Thread 0x000001cb6e7863d0 Exception <a 'java/lang/ClassCastException'{0x000000070f8b45c8}: class java.lang.String cannot be cast to class javafx.scene.paint.Paint (java.lang.String is in module java.base of loader 'bootstrap'; javafx.scene.paint.Paint is in module javafx.graphics of loader 'app')> (0x000000070f8b45c8) 
thrown [t:\workspace\open\src\hotspot\share\interpreter\interpreterRuntime.cpp, line 444]
Event: 0.811 Thread 0x000001cb6e7863d0 Exception <a 'sun/nio/fs/WindowsException'{0x000000070f929128}> (0x000000070f929128) 
thrown [t:\workspace\open\src\hotspot\share\prims\jni.cpp, line 516]
Event: 0.816 Thread 0x000001cb6e7863d0 Exception <a 'java/lang/ClassNotFoundException'{0x000000070f93e808}: sun/util/logging/resources/spi/loggingProvider> (0x000000070f93e808) 
thrown [t:\workspace\open\src\hotspot\share\classfile\systemDictionary.cpp, line 256]
Event: 0.854 Thread 0x000001cb6e7863d0 Exception <a 'java/lang/ClassNotFoundException'{0x000000070f390188}: com/sun/javafx/scene/control/skin/resources/controls> (0x000000070f390188) 
thrown [t:\workspace\open\src\hotspot\share\prims\jni.cpp, line 535]
Event: 0.854 Thread 0x000001cb6e7863d0 Exception <a 'java/lang/ClassNotFoundException'{0x000000070f39dc88}: com/sun/javafx/scene/control/skin/resources/controls_ru> (0x000000070f39dc88) 
thrown [t:\workspace\open\src\hotspot\share\prims\jni.cpp, line 535]
Event: 0.855 Thread 0x000001cb6e7863d0 Exception <a 'java/lang/ClassNotFoundException'{0x000000070f39ecb8}: com/sun/javafx/scene/control/skin/resources/controls_ru_RU> (0x000000070f39ecb8) 
thrown [t:\workspace\open\src\hotspot\share\prims\jni.cpp, line 535]
Event: 0.883 Thread 0x000001cb6e7863d0 Exception <a 'java/lang/NoSuchMethodError'{0x000000070f15d108}: 'void java.lang.invoke.DirectMethodHandle$Holder.invokeSpecial(java.lang.Object, java.lang.Object, java.lang.Object, java.lang.Object, java.lang.Object, java.lang.Object)'> (0x000000070f15d108) 
thrown [t:\workspace\open\src\hotspot\share\interpreter\linkResolver.cpp, line 766]
Event: 0.909 Thread 0x000001cb6e7863d0 Exception <a 'java/lang/NoSuchMethodError'{0x000000070ec5a910}: 'java.lang.Object java.lang.invoke.DirectMethodHandle$Holder.invokeInterface(java.lang.Object, java.lang.Object, java.lang.Object)'> (0x000000070ec5a910) 
thrown [t:\workspace\open\src\hotspot\share\interpreter\linkResolver.cpp, line 766]
Event: 0.909 Thread 0x000001cb6e7863d0 Exception <a 'java/lang/IncompatibleClassChangeError'{0x000000070ec5e298}: Found class java.lang.Object, but interface was expected> (0x000000070ec5e298) 
thrown [t:\workspace\open\src\hotspot\share\interpreter\linkResolver.cpp, line 833]
Event: 0.951 Thread 0x000001cb6e7863d0 Exception <a 'java/lang/NoSuchMethodError'{0x000000070ea32aa0}: 'java.lang.Object java.lang.invoke.DirectMethodHandle$Holder.newInvokeSpecial(java.lang.Object, java.lang.Object, int)'> (0x000000070ea32aa0) 
thrown [t:\workspace\open\src\hotspot\share\interpreter\linkResolver.cpp, line 766]
Event: 0.970 Thread 0x000001cb6e785f00 Exception <a 'java/lang/NoSuchMethodError'{0x000000070eb4b0c0}: 'int java.lang.invoke.DirectMethodHandle$Holder.invokeStaticInit(java.lang.Object, java.lang.Object)'> (0x000000070eb4b0c0) 
thrown [t:\workspace\open\src\hotspot\share\interpreter\linkResolver.cpp, line 766]
Event: 0.976 Thread 0x000001cb6e7863d0 Exception <a 'java/lang/NoSuchMethodError'{0x000000070eba3388}: 'long java.lang.invoke.DirectMethodHandle$Holder.invokeStatic(java.lang.Object, java.lang.Object, java.lang.Object)'> (0x000000070eba3388) 
thrown [t:\workspace\open\src\hotspot\share\interpreter\linkResolver.cpp, line 766]
Event: 0.976 Thread 0x000001cb6e7863d0 Exception <a 'java/lang/NoSuchMethodError'{0x000000070eba6b30}: 'long java.lang.invoke.DirectMethodHandle$Holder.invokeStaticInit(java.lang.Object, java.lang.Object, java.lang.Object)'> (0x000000070eba6b30) 
thrown [t:\workspace\open\src\hotspot\share\interpreter\linkResolver.cpp, line 766]
Event: 0.978 Thread 0x000001cb6e7863d0 Exception <a 'java/lang/NoSuchMethodError'{0x000000070ebbe738}: 'java.lang.Object java.lang.invoke.DirectMethodHandle$Holder.newInvokeSpecial(java.lang.Object, java.lang.Object, long)'> (0x000000070ebbe738) 
thrown [t:\workspace\open\src\hotspot\share\interpreter\linkResolver.cpp, line 766]
Event: 0.978 Thread 0x000001cb6e7863d0 Exception <a 'java/lang/NoSuchMethodError'{0x000000070ebc22a8}: 'java.lang.Object java.lang.invoke.Invokers$Holder.linkToTargetMethod(java.lang.Object, long, java.lang.Object)'> (0x000000070ebc22a8) 
thrown [t:\workspace\open\src\hotspot\share\interpreter\linkResolver.cpp, line 766]
Event: 3.897 Thread 0x000001cb6e7863d0 Exception <a 'java/lang/ClassCastException'{0x00000007108ebf90}: class java.lang.String cannot be cast to class javafx.scene.paint.Paint (java.lang.String is in module java.base of loader 'bootstrap'; javafx.scene.paint.Paint is in module javafx.graphics of loader 'app')> (0x00000007108ebf90) 
thrown [t:\workspace\open\src\hotspot\share\interpreter\interpreterRuntime.cpp, line 444]
Event: 14.739 Thread 0x000001cb6e7863d0 Exception <a 'java/lang/ClassCastException'{0x000000071012d920}: class java.lang.String cannot be cast to class javafx.scene.paint.Paint (java.lang.String is in module java.base of loader 'bootstrap'; javafx.scene.paint.Paint is in module javafx.graphics of loader 'app')> (0x000000071012d920) 
thrown [t:\workspace\open\src\hotspot\share\interpreter\interpreterRuntime.cpp, line 444]
Event: 17.839 Thread 0x000001cb6e7863d0 Exception <a 'java/lang/NoSuchMethodError'{0x000000070fe2f250}: 'java.lang.Object java.lang.invoke.DirectMethodHandle$Holder.newInvokeSpecial(java.lang.Object, java.lang.Object, int, int, int, int, int, java.lang.Object)'> (0x000000070fe2f250) 
thrown [t:\workspace\open\src\hotspot\share\interpreter\linkResolver.cpp, line 766]
Event: 17.840 Thread 0x000001cb6e7863d0 Exception <a 'java/lang/NoSuchMethodError'{0x000000070fe42a28}: 'java.lang.Object java.lang.invoke.DirectMethodHandle$Holder.newInvokeSpecial(java.lang.Object, java.lang.Object, java.lang.Object, int, int, int, int, int)'> (0x000000070fe42a28) 
thrown [t:\workspace\open\src\hotspot\share\interpreter\linkResolver.cpp, line 766]
Event: 17.840 Thread 0x000001cb6e7863d0 Exception <a 'java/lang/NoSuchMethodError'{0x000000070fe4ad28}: 'java.lang.Object java.lang.invoke.Invokers$Holder.linkToTargetMethod(java.lang.Object, java.lang.Object, int, int, int, int, int, java.lang.Object)'> (0x000000070fe4ad28) 
thrown [t:\workspace\open\src\hotspot\share\interpreter\linkResolver.cpp, line 766]

VM Operations (20 events):
Event: 6.974 Executing VM operation: Cleanup done
Event: 7.975 Executing VM operation: Cleanup
Event: 7.975 Executing VM operation: Cleanup done
Event: 8.975 Executing VM operation: Cleanup
Event: 8.975 Executing VM operation: Cleanup done
Event: 10.976 Executing VM operation: Cleanup
Event: 10.976 Executing VM operation: Cleanup done
Event: 12.977 Executing VM operation: Cleanup
Event: 12.977 Executing VM operation: Cleanup done
Event: 14.978 Executing VM operation: Cleanup
Event: 14.979 Executing VM operation: Cleanup done
Event: 17.980 Executing VM operation: Cleanup
Event: 17.980 Executing VM operation: Cleanup done
Event: 18.980 Executing VM operation: Cleanup
Event: 18.981 Executing VM operation: Cleanup done
Event: 19.981 Executing VM operation: Cleanup
Event: 19.981 Executing VM operation: Cleanup done
Event: 20.981 Executing VM operation: Cleanup
Event: 20.981 Executing VM operation: Cleanup done
Event: 25.928 Executing VM operation: Exit

Events (20 events):
Event: 1.075 loading class sun/util/resources/TimeZoneNames_en done
Event: 1.262 Thread 0x000001cb6f248770 Thread exited: 0x000001cb6f248770
Event: 1.412 loading class java/util/EnumMap$Values
Event: 1.412 loading class java/util/EnumMap$Values done
Event: 1.412 loading class java/util/EnumMap$ValueIterator
Event: 1.412 loading class java/util/EnumMap$EnumMapIterator
Event: 1.412 loading class java/util/EnumMap$EnumMapIterator done
Event: 1.412 loading class java/util/EnumMap$ValueIterator done
Event: 3.757 loading class java/io/UnsupportedEncodingException
Event: 3.757 loading class java/io/UnsupportedEncodingException done
Event: 14.747 Thread 0x000001cb7065a800 Thread added: 0x000001cb7065a800
Event: 16.006 Thread 0x000001cb7065a800 Thread exited: 0x000001cb7065a800
Event: 25.926 loading class jdk/internal/misc/Signal$1
Event: 25.926 loading class jdk/internal/misc/Signal$1 done
Event: 25.927 Thread 0x000001cb6e784220 Thread added: 0x000001cb6e784220
Event: 25.927 Thread 0x000001cb6f4b0900 Thread added: 0x000001cb6f4b0900
Event: 25.927 Thread 0x000001cb6f4b5fa0 Thread added: 0x000001cb6f4b5fa0
Event: 25.927 Thread 0x000001cb6f4b0900 Thread exited: 0x000001cb6f4b0900
Event: 25.928 Thread 0x000001cb6f4b5fa0 Thread exited: 0x000001cb6f4b5fa0
Event: 25.928 Thread 0x000001cb6e77f870 Thread exited: 0x000001cb6e77f870


Dynamic libraries:
0x00007ff6224b0000 - 0x00007ff6224c0000 	C:\Program Files\Java\jdk-17\bin\java.exe
0x00007ffd6bc40000 - 0x00007ffd6be47000 	C:\WINDOWS\SYSTEM32\ntdll.dll
0x00007ffd6a440000 - 0x00007ffd6a4fd000 	C:\WINDOWS\System32\KERNEL32.DLL
0x00007ffd69270000 - 0x00007ffd695e4000 	C:\WINDOWS\System32\KERNELBASE.dll
0x00007ffd666f0000 - 0x00007ffd66781000 	C:\WINDOWS\SYSTEM32\apphelp.dll
0x00007ffd69700000 - 0x00007ffd69811000 	C:\WINDOWS\System32\ucrtbase.dll
0x00007ffd58fe0000 - 0x00007ffd58ff8000 	C:\Program Files\Java\jdk-17\bin\jli.dll
0x00007ffd58e80000 - 0x00007ffd58e9a000 	C:\Program Files\Java\jdk-17\bin\VCRUNTIME140.dll
0x00007ffd69ad0000 - 0x00007ffd69b7c000 	C:\WINDOWS\System32\ADVAPI32.dll
0x00007ffd6a6a0000 - 0x00007ffd6a743000 	C:\WINDOWS\System32\msvcrt.dll
0x00007ffd6a5f0000 - 0x00007ffd6a68d000 	C:\WINDOWS\System32\sechost.dll
0x00007ffd6a750000 - 0x00007ffd6a871000 	C:\WINDOWS\System32\RPCRT4.dll
0x00007ffd6b270000 - 0x00007ffd6b41c000 	C:\WINDOWS\System32\USER32.dll
0x00007ffd5a1c0000 - 0x00007ffd5a465000 	C:\WINDOWS\WinSxS\amd64_microsoft.windows.common-controls_6595b64144ccf1df_6.0.22000.120_none_9d947278b86cc467\COMCTL32.dll
0x00007ffd69120000 - 0x00007ffd69146000 	C:\WINDOWS\System32\win32u.dll
0x00007ffd6b690000 - 0x00007ffd6b6b9000 	C:\WINDOWS\System32\GDI32.dll
0x00007ffd69150000 - 0x00007ffd69262000 	C:\WINDOWS\System32\gdi32full.dll
0x00007ffd69660000 - 0x00007ffd696fd000 	C:\WINDOWS\System32\msvcp_win.dll
0x00007ffd61bd0000 - 0x00007ffd61bda000 	C:\WINDOWS\SYSTEM32\VERSION.dll
0x00007ffd69e60000 - 0x00007ffd69e91000 	C:\WINDOWS\System32\IMM32.DLL
0x00007ffd665e0000 - 0x00007ffd665ec000 	C:\Program Files\Java\jdk-17\bin\vcruntime140_1.dll
0x00007ffd35250000 - 0x00007ffd352dd000 	C:\Program Files\Java\jdk-17\bin\msvcp140.dll
0x00007ffd02560000 - 0x00007ffd0311e000 	C:\Program Files\Java\jdk-17\bin\server\jvm.dll
0x00007ffd6b040000 - 0x00007ffd6b048000 	C:\WINDOWS\System32\PSAPI.DLL
0x00007ffd63b90000 - 0x00007ffd63bc3000 	C:\WINDOWS\SYSTEM32\WINMM.dll
0x00007ffd63f90000 - 0x00007ffd63f99000 	C:\WINDOWS\SYSTEM32\WSOCK32.dll
0x00007ffd6a3b0000 - 0x00007ffd6a41f000 	C:\WINDOWS\System32\WS2_32.dll
0x00007ffd68330000 - 0x00007ffd68348000 	C:\WINDOWS\SYSTEM32\kernel.appcore.dll
0x00007ffd597f0000 - 0x00007ffd597fa000 	C:\Program Files\Java\jdk-17\bin\jimage.dll
0x00007ffd57530000 - 0x00007ffd57751000 	C:\WINDOWS\SYSTEM32\DBGHELP.DLL
0x00007ffd574f0000 - 0x00007ffd57521000 	C:\WINDOWS\SYSTEM32\dbgcore.DLL
0x00007ffd698e0000 - 0x00007ffd69960000 	C:\WINDOWS\System32\bcryptPrimitives.dll
0x00007ffd59430000 - 0x00007ffd5943e000 	C:\Program Files\Java\jdk-17\bin\instrument.dll
0x00007ffd53940000 - 0x00007ffd53965000 	C:\Program Files\Java\jdk-17\bin\java.dll
0x00007ffd28ed0000 - 0x00007ffd28fa6000 	C:\Program Files\Java\jdk-17\bin\svml.dll
0x00007ffd6a890000 - 0x00007ffd6b03e000 	C:\WINDOWS\System32\SHELL32.dll
0x00007ffd672d0000 - 0x00007ffd67b37000 	C:\WINDOWS\SYSTEM32\windows.storage.dll
0x00007ffd69f10000 - 0x00007ffd6a288000 	C:\WINDOWS\System32\combase.dll
0x00007ffd67160000 - 0x00007ffd672c6000 	C:\WINDOWS\SYSTEM32\wintypes.dll
0x00007ffd6a500000 - 0x00007ffd6a5ea000 	C:\WINDOWS\System32\SHCORE.dll
0x00007ffd69eb0000 - 0x00007ffd69f0d000 	C:\WINDOWS\System32\shlwapi.dll
0x00007ffd69050000 - 0x00007ffd69071000 	C:\WINDOWS\SYSTEM32\profapi.dll
0x00007ffd513f0000 - 0x00007ffd51409000 	C:\Program Files\Java\jdk-17\bin\net.dll
0x00007ffd64390000 - 0x00007ffd6449c000 	C:\WINDOWS\SYSTEM32\WINHTTP.dll
0x00007ffd68740000 - 0x00007ffd687a7000 	C:\WINDOWS\system32\mswsock.dll
0x00007ffd4eb00000 - 0x00007ffd4eb15000 	C:\Program Files\Java\jdk-17\bin\nio.dll
0x00007ffd4e9f0000 - 0x00007ffd4ea08000 	C:\Program Files\Java\jdk-17\bin\zip.dll
0x00007ffd4d710000 - 0x00007ffd4d72a000 	C:\Program Files\JetBrains\IntelliJ IDEA 2021.2.2\bin\breakgen64.dll
0x000001cb4b9f0000 - 0x000001cb4b9f3000 	C:\Users\dimae\.openjfx\cache\17-ea\api-ms-win-core-console-l1-1-0.dll
0x000001cb4ba00000 - 0x000001cb4ba03000 	C:\Users\dimae\.openjfx\cache\17-ea\api-ms-win-core-console-l1-2-0.dll
0x000001cb6e7b0000 - 0x000001cb6e7b3000 	C:\Users\dimae\.openjfx\cache\17-ea\api-ms-win-core-datetime-l1-1-0.dll
0x000001cb6e7c0000 - 0x000001cb6e7c3000 	C:\Users\dimae\.openjfx\cache\17-ea\api-ms-win-core-debug-l1-1-0.dll
0x000001cb6e7d0000 - 0x000001cb6e7d3000 	C:\Users\dimae\.openjfx\cache\17-ea\api-ms-win-core-errorhandling-l1-1-0.dll
0x000001cb6e7e0000 - 0x000001cb6e7e4000 	C:\Users\dimae\.openjfx\cache\17-ea\api-ms-win-core-file-l1-1-0.dll
0x000001cb6e7f0000 - 0x000001cb6e7f3000 	C:\Users\dimae\.openjfx\cache\17-ea\api-ms-win-core-file-l1-2-0.dll
0x000001cb70ce0000 - 0x000001cb70ce3000 	C:\Users\dimae\.openjfx\cache\17-ea\api-ms-win-core-file-l2-1-0.dll
0x000001cb70cf0000 - 0x000001cb70cf3000 	C:\Users\dimae\.openjfx\cache\17-ea\api-ms-win-core-handle-l1-1-0.dll
0x000001cb70d00000 - 0x000001cb70d03000 	C:\Users\dimae\.openjfx\cache\17-ea\api-ms-win-core-heap-l1-1-0.dll
0x000001cb70d10000 - 0x000001cb70d13000 	C:\Users\dimae\.openjfx\cache\17-ea\api-ms-win-core-interlocked-l1-1-0.dll
0x000001cb70d20000 - 0x000001cb70d23000 	C:\Users\dimae\.openjfx\cache\17-ea\api-ms-win-core-libraryloader-l1-1-0.dll
0x000001cb70d30000 - 0x000001cb70d33000 	C:\Users\dimae\.openjfx\cache\17-ea\api-ms-win-core-localization-l1-2-0.dll
0x000001cb70d40000 - 0x000001cb70d43000 	C:\Users\dimae\.openjfx\cache\17-ea\api-ms-win-core-memory-l1-1-0.dll
0x000001cb70d50000 - 0x000001cb70d53000 	C:\Users\dimae\.openjfx\cache\17-ea\api-ms-win-core-namedpipe-l1-1-0.dll
0x000001cb70d60000 - 0x000001cb70d63000 	C:\Users\dimae\.openjfx\cache\17-ea\api-ms-win-core-processenvironment-l1-1-0.dll
0x000001cb70d70000 - 0x000001cb70d73000 	C:\Users\dimae\.openjfx\cache\17-ea\api-ms-win-core-processthreads-l1-1-0.dll
0x000001cb70d80000 - 0x000001cb70d83000 	C:\Users\dimae\.openjfx\cache\17-ea\api-ms-win-core-processthreads-l1-1-1.dll
0x000001cb70d90000 - 0x000001cb70d93000 	C:\Users\dimae\.openjfx\cache\17-ea\api-ms-win-core-profile-l1-1-0.dll
0x000001cb70da0000 - 0x000001cb70da3000 	C:\Users\dimae\.openjfx\cache\17-ea\api-ms-win-core-rtlsupport-l1-1-0.dll
0x000001cb70db0000 - 0x000001cb70db3000 	C:\Users\dimae\.openjfx\cache\17-ea\api-ms-win-core-string-l1-1-0.dll
0x000001cb70dc0000 - 0x000001cb70dc3000 	C:\Users\dimae\.openjfx\cache\17-ea\api-ms-win-core-synch-l1-1-0.dll
0x000001cb70dd0000 - 0x000001cb70dd3000 	C:\Users\dimae\.openjfx\cache\17-ea\api-ms-win-core-synch-l1-2-0.dll
0x000001cb70de0000 - 0x000001cb70de3000 	C:\Users\dimae\.openjfx\cache\17-ea\api-ms-win-core-sysinfo-l1-1-0.dll
0x000001cb70df0000 - 0x000001cb70df3000 	C:\Users\dimae\.openjfx\cache\17-ea\api-ms-win-core-timezone-l1-1-0.dll
0x000001cb70e00000 - 0x000001cb70e03000 	C:\Users\dimae\.openjfx\cache\17-ea\api-ms-win-core-util-l1-1-0.dll
0x000001cb70e10000 - 0x000001cb70e13000 	C:\Users\dimae\.openjfx\cache\17-ea\api-ms-win-crt-conio-l1-1-0.dll
0x000001cb70e20000 - 0x000001cb70e24000 	C:\Users\dimae\.openjfx\cache\17-ea\api-ms-win-crt-convert-l1-1-0.dll
0x000001cb70e30000 - 0x000001cb70e33000 	C:\Users\dimae\.openjfx\cache\17-ea\api-ms-win-crt-environment-l1-1-0.dll
0x000001cb70e40000 - 0x000001cb70e43000 	C:\Users\dimae\.openjfx\cache\17-ea\api-ms-win-crt-filesystem-l1-1-0.dll
0x000001cb70e50000 - 0x000001cb70e53000 	C:\Users\dimae\.openjfx\cache\17-ea\api-ms-win-crt-heap-l1-1-0.dll
0x000001cb70e60000 - 0x000001cb70e63000 	C:\Users\dimae\.openjfx\cache\17-ea\api-ms-win-crt-locale-l1-1-0.dll
0x000001cb70e70000 - 0x000001cb70e75000 	C:\Users\dimae\.openjfx\cache\17-ea\api-ms-win-crt-math-l1-1-0.dll
0x000001cb70e80000 - 0x000001cb70e85000 	C:\Users\dimae\.openjfx\cache\17-ea\api-ms-win-crt-multibyte-l1-1-0.dll
0x000001cb70e90000 - 0x000001cb70ea0000 	C:\Users\dimae\.openjfx\cache\17-ea\api-ms-win-crt-private-l1-1-0.dll
0x000001cb70ea0000 - 0x000001cb70ea3000 	C:\Users\dimae\.openjfx\cache\17-ea\api-ms-win-crt-process-l1-1-0.dll
0x000001cb70eb0000 - 0x000001cb70eb4000 	C:\Users\dimae\.openjfx\cache\17-ea\api-ms-win-crt-runtime-l1-1-0.dll
0x000001cb70ec0000 - 0x000001cb70ec4000 	C:\Users\dimae\.openjfx\cache\17-ea\api-ms-win-crt-stdio-l1-1-0.dll
0x000001cb70ed0000 - 0x000001cb70ed4000 	C:\Users\dimae\.openjfx\cache\17-ea\api-ms-win-crt-string-l1-1-0.dll
0x000001cb70ee0000 - 0x000001cb70ee3000 	C:\Users\dimae\.openjfx\cache\17-ea\api-ms-win-crt-time-l1-1-0.dll
0x000001cb70ef0000 - 0x000001cb70ef3000 	C:\Users\dimae\.openjfx\cache\17-ea\api-ms-win-crt-utility-l1-1-0.dll
0x00007ffd0cda0000 - 0x00007ffd0ce9c000 	C:\Users\dimae\.openjfx\cache\17-ea\ucrtbase.dll
0x00007ffd4cc00000 - 0x00007ffd4cc1a000 	C:\Users\dimae\.openjfx\cache\17-ea\vcruntime140.dll
0x00007ffd550a0000 - 0x00007ffd550ac000 	C:\Users\dimae\.openjfx\cache\17-ea\vcruntime140_1.dll
0x00007ffd31410000 - 0x00007ffd3149d000 	C:\Users\dimae\.openjfx\cache\17-ea\msvcp140.dll
0x00007ffd4b340000 - 0x00007ffd4b367000 	C:\Users\dimae\.openjfx\cache\17-ea\prism_d3d.dll
0x00007ffd5ca60000 - 0x00007ffd5cc06000 	C:\WINDOWS\system32\d3d9.dll
0x00007ffd66c40000 - 0x00007ffd66c6f000 	C:\WINDOWS\SYSTEM32\dwmapi.dll
0x00007ffd669a0000 - 0x00007ffd669d8000 	C:\WINDOWS\SYSTEM32\dxcore.dll
0x00007ffd66840000 - 0x00007ffd668ec000 	C:\WINDOWS\system32\uxtheme.dll
0x00007ffd60610000 - 0x00007ffd60712000 	C:\WINDOWS\System32\DriverStore\FileRepository\nv_dispi.inf_amd64_1c83a5d7cffd7bff\nvldumdx.dll
0x00007ffd689e0000 - 0x00007ffd689f2000 	C:\WINDOWS\SYSTEM32\msasn1.dll
0x00007ffd61af0000 - 0x00007ffd61b21000 	C:\WINDOWS\SYSTEM32\cryptnet.dll
0x00007ffd69960000 - 0x00007ffd69ac2000 	C:\WINDOWS\System32\CRYPT32.dll
0x00007ffd689a0000 - 0x00007ffd689ac000 	C:\WINDOWS\SYSTEM32\cryptbase.dll
0x00007ffd695f0000 - 0x00007ffd69656000 	C:\WINDOWS\System32\WINTRUST.DLL
0x00007ffd6b050000 - 0x00007ffd6b06f000 	C:\WINDOWS\System32\imagehlp.dll
0x00007ffd68980000 - 0x00007ffd68998000 	C:\WINDOWS\SYSTEM32\CRYPTSP.dll
0x00007ffd68290000 - 0x00007ffd682c5000 	C:\WINDOWS\system32\rsaenh.dll
0x00007ffd68b00000 - 0x00007ffd68b27000 	C:\WINDOWS\SYSTEM32\bcrypt.dll
0x00007ffcd6020000 - 0x00007ffcd7a3b000 	C:\WINDOWS\System32\DriverStore\FileRepository\nv_dispi.inf_amd64_1c83a5d7cffd7bff\nvd3dumx.dll
0x00007ffd642b0000 - 0x00007ffd642f4000 	C:\WINDOWS\SYSTEM32\directxdatabasehelper.dll
0x00007ffd66b00000 - 0x00007ffd66b34000 	C:\WINDOWS\SYSTEM32\ntmarta.dll
0x00007ffd364b0000 - 0x00007ffd364f2000 	C:\Users\dimae\.openjfx\cache\17-ea\glass.dll
0x00007ffd6b0f0000 - 0x00007ffd6b1dc000 	C:\WINDOWS\System32\COMDLG32.dll
0x00007ffd69cc0000 - 0x00007ffd69e5a000 	C:\WINDOWS\System32\ole32.dll
0x00007ffd69b80000 - 0x00007ffd69c56000 	C:\WINDOWS\System32\OLEAUT32.dll
0x00007ffd6a290000 - 0x00007ffd6a3ae000 	C:\WINDOWS\System32\MSCTF.dll
0x00007ffd687d0000 - 0x00007ffd687f4000 	C:\WINDOWS\SYSTEM32\gpapi.dll
0x00007ffd493f0000 - 0x00007ffd49404000 	C:\Users\dimae\.openjfx\cache\17-ea\javafx_font.dll
0x00007ffd529f0000 - 0x00007ffd52c4f000 	C:\WINDOWS\SYSTEM32\dwrite.dll
0x00007ffd6b5e0000 - 0x00007ffd6b68f000 	C:\WINDOWS\System32\clbcatq.dll
0x00007ffd61cd0000 - 0x00007ffd61e7e000 	C:\WINDOWS\SYSTEM32\WindowsCodecs.dll
0x00007ffd4be90000 - 0x00007ffd4beed000 	C:\WINDOWS\system32\dataexchange.dll
0x00007ffd614e0000 - 0x00007ffd61746000 	C:\WINDOWS\system32\twinapi.appcore.dll
0x00007ffd4b460000 - 0x00007ffd4b492000 	C:\Program Files\Common Files\Microsoft Shared\Ink\rtscom.dll
0x00007ffd514d0000 - 0x00007ffd515fd000 	C:\WINDOWS\SYSTEM32\textinputframework.dll
0x00007ffd662b0000 - 0x00007ffd663e2000 	C:\WINDOWS\SYSTEM32\CoreMessaging.dll
0x00007ffd635e0000 - 0x00007ffd6394d000 	C:\WINDOWS\SYSTEM32\CoreUIComponents.dll

dbghelp: loaded successfully - version: 4.0.5 - missing functions: none
symbol engine: initialized successfully - sym options: 0x614 - pdb path: .;C:\Program Files\Java\jdk-17\bin;C:\WINDOWS\SYSTEM32;C:\WINDOWS\WinSxS\amd64_microsoft.windows.common-controls_6595b64144ccf1df_6.0.22000.120_none_9d947278b86cc467;C:\Program Files\Java\jdk-17\bin\server;C:\Program Files\JetBrains\IntelliJ IDEA 2021.2.2\bin;C:\Users\dimae\.openjfx\cache\17-ea;C:\WINDOWS\System32\DriverStore\FileRepository\nv_dispi.inf_amd64_1c83a5d7cffd7bff;C:\Program Files\Common Files\Microsoft Shared\Ink

VM Arguments:
jvm_args: -javaagent:C:\Program Files\JetBrains\IntelliJ IDEA 2021.2.2\lib\idea_rt.jar=56120:C:\Program Files\JetBrains\IntelliJ IDEA 2021.2.2\bin -Dfile.encoding=UTF-8 --module-path=C:\Users\dimae\IdeaProjects\JavaProject\target\classes;C:\Users\dimae\.m2\repository\org\openjfx\javafx-base\17-ea+11\javafx-base-17-ea+11-win.jar;C:\Users\dimae\.m2\repository\org\openjfx\javafx-graphics\17-ea+11\javafx-graphics-17-ea+11-win.jar;C:\Users\dimae\.m2\repository\org\kordamp\bootstrapfx\bootstrapfx-core\0.4.0\bootstrapfx-core-0.4.0.jar;C:\Users\dimae\.m2\repository\org\openjfx\javafx-fxml\17-ea+11\javafx-fxml-17-ea+11-win.jar;C:\Users\dimae\.m2\repository\com\dlsc\formsfx\formsfx-core\11.3.2\formsfx-core-11.3.2.jar;C:\Users\dimae\.m2\repository\org\openjfx\javafx-controls\17-ea+11\javafx-controls-17-ea+11-win.jar;C:\Users\dimae\.m2\repository\org\controlsfx\controlsfx\11.1.0\controlsfx-11.1.0.jar -Djdk.module.main=com.example.javaproject 
java_command: com.example.javaproject/com.example.javaproject.Application
java_class_path (initial): C:\Users\dimae\.m2\repository\org\openjfx\javafx-controls\17-ea+11\javafx-controls-17-ea+11.jar;C:\Users\dimae\.m2\repository\org\openjfx\javafx-graphics\17-ea+11\javafx-graphics-17-ea+11.jar;C:\Users\dimae\.m2\repository\org\openjfx\javafx-base\17-ea+11\javafx-base-17-ea+11.jar;C:\Users\dimae\.m2\repository\org\openjfx\javafx-fxml\17-ea+11\javafx-fxml-17-ea+11.jar;C:\Program Files (x86)\MySQL\Connector J 8.0\mysql-connector-java-8.0.27.jar
Launcher Type: SUN_STANDARD

[Global flags]
     intx CICompilerCount                          = 4                                         {product} {ergonomic}
     uint ConcGCThreads                            = 2                                         {product} {ergonomic}
     uint G1ConcRefinementThreads                  = 8                                         {product} {ergonomic}
   size_t G1HeapRegionSize                         = 2097152                                   {product} {ergonomic}
    uintx GCDrainStackTargetSize                   = 64                                        {product} {ergonomic}
   size_t InitialHeapSize                          = 268435456                                 {product} {ergonomic}
   size_t MarkStackSize                            = 4194304                                   {product} {ergonomic}
   size_t MaxHeapSize                              = 4280287232                                {product} {ergonomic}
   size_t MaxNewSize                               = 2566914048                                {product} {ergonomic}
   size_t MinHeapDeltaBytes                        = 2097152                                   {product} {ergonomic}
   size_t MinHeapSize                              = 8388608                                   {product} {ergonomic}
    uintx NonNMethodCodeHeapSize                   = 5839372                                {pd product} {ergonomic}
    uintx NonProfiledCodeHeapSize                  = 122909434                              {pd product} {ergonomic}
    uintx ProfiledCodeHeapSize                     = 122909434                              {pd product} {ergonomic}
    uintx ReservedCodeCacheSize                    = 251658240                              {pd product} {ergonomic}
     bool SegmentedCodeCache                       = true                                      {product} {ergonomic}
   size_t SoftMaxHeapSize                          = 4280287232                             {manageable} {ergonomic}
     bool UseCompressedClassPointers               = true                           {product lp64_product} {ergonomic}
     bool UseCompressedOops                        = true                           {product lp64_product} {ergonomic}
     bool UseG1GC                                  = true                                      {product} {ergonomic}
     bool UseLargePagesIndividualAllocation        = false                                  {pd product} {ergonomic}

Logging:
Log output configuration:
 #0: stdout all=off uptime,level,tags
 #1: stderr all=off uptime,level,tags

Environment Variables:
PATH=C:\Python310\Scripts\;C:\Python310\;C:\Program Files\Common Files\Oracle\Java\javapath;C:\WINDOWS\system32;C:\WINDOWS;C:\WINDOWS\System32\Wbem;C:\WINDOWS\System32\WindowsPowerShell\v1.0\;C:\WINDOWS\System32\OpenSSH\;C:\Program Files\Git\cmd;C:\Program Files\nodejs\;C:\ProgramData\chocolatey\bin;C:\Program Files\MySQL\MySQL Shell 8.0\bin\;C:\Users\dimae\AppData\Local\Microsoft\WindowsApps;;C:\Users\dimae\AppData\Local\Programs\Microsoft VS Code\bin;C:\Users\dimae\AppData\Roaming\npm
USERNAME=dimae
OS=Windows_NT
PROCESSOR_IDENTIFIER=AMD64 Family 23 Model 113 Stepping 0, AuthenticAMD



---------------  S Y S T E M  ---------------

OS:
 Windows 10 , 64 bit Build 22000 (10.0.22000.318)
OS uptime: 5 days 0:19 hours

CPU: total 8 (initial active 8) (8 cores per cpu, 2 threads per core) family 23 model 113 stepping 0 microcode 0x0, cx8, cmov, fxsr, ht, mmx, 3dnowpref, sse, sse2, sse3, ssse3, sse4a, sse4.1, sse4.2, popcnt, lzcnt, tsc, tscinvbit, avx, avx2, aes, clmul, bmi1, bmi2, adx, sha, fma, vzeroupper, clflush, clflushopt

Memory: 4k page, system-wide physical 16323M (5545M free)
TotalPageFile size 22333M (AvailPageFile size 3025M)
current process WorkingSet (physical memory assigned to process): 137M, peak: 160M
current process commit charge ("private bytes"): 427M, peak: 451M

vm_info: Java HotSpot(TM) 64-Bit Server VM (17+35-LTS-2724) for windows-amd64 JRE (17+35-LTS-2724), built on Aug  5 2021 23:28:28 by "mach5one" with MS VC++ 16.8 (VS2019)

END.
